2023-11-15 04:23:26,673: INFO     Verifying the input sequences.
2023-11-15 04:23:27,271: INFO     Sequences are assumed to be single-end.
2023-11-15 04:23:27,272: INFO     Temporary directory is: /tmp/itsxpress_frqfmsrn
2023-11-15 04:23:27,273: INFO     Unique sequences are being written to a temporary FASTA file with Vsearch.
2023-11-15 04:23:27,561: INFO     WARNING: The derep_fulllength command does not support multithreading.
Only 1 thread used.
vsearch v2.15.2_linux_x86_64, 7.7GB RAM, 8 cores
https://github.com/torognes/vsearch

Dereplicating file F1-16s_T1_L001_R1_001.fastq.gz 100%
3119345 nt in 9996 seqs, min 33, max 406, avg 312
minseqlength 32: 4 sequences discarded.
Sorting 100%
6254 unique sequences, avg cluster 1.6, median 1, max 347
Writing output file 100%
Writing uc file, first part 100%
Writing uc file, second part 100%

2023-11-15 04:23:27,561: INFO     Searching for ITS start and stop sites using HMMSearch. This step takes a while.
2023-11-15 04:24:52,074: INFO     Parsing HMM results.
2023-11-15 04:24:55,594: INFO     Writing out sequences
2023-11-15 04:24:57,247: INFO     ITSxpress ran in 00:01:30
1.0
